This file contains any messages produced by compilers while
running configure, to aid debugging if configure makes a mistake.

It was created by cairo configure 1.12.8, which was
generated by GNU Autoconf 2.69.  Invocation command line was

  $ ./configure --prefix=/usr/local --disable-dependency-tracking

## --------- ##
## Platform. ##
## --------- ##

hostname = rv-clt-jmurray.redventures.net
uname -m = x86_64
uname -r = 13.2.0
uname -s = Darwin
uname -v = Darwin Kernel Version 13.2.0: Thu Apr 17 23:03:13 PDT 2014; root:xnu-2422.100.13~1/RELEASE_X86_64

/usr/bin/uname -p = i386
/bin/uname -X     = unknown

/bin/arch              = unknown
/usr/bin/arch -k       = unknown
/usr/convex/getsysinfo = unknown
/usr/bin/hostinfo      = Mach kernel version:
	 Darwin Kernel Version 13.2.0: Thu Apr 17 23:03:13 PDT 2014; root:xnu-2422.100.13~1/RELEASE_X86_64
Kernel configured for up to 8 processors.
4 processors are physically available.
8 processors are logically available.
Processor type: i486 (Intel 80486)
Processors active: 0 1 2 3 4 5 6 7
Primary memory available: 16.00 gigabytes
Default processor set: 224 tasks, 1358 threads, 8 processors
Load average: 9.87, Mach factor: 2.48
/bin/machine           = unknown
/usr/bin/oslevel       = unknown
/bin/universe          = unknown

PATH: /usr/share/www/intranet.directstartv.com/scripts/srcsync-dir
PATH: /usr/local/bin
PATH: /usr/share/www/devops/scripts
PATH: /usr/bin
PATH: /bin
PATH: /usr/sbin
PATH: /sbin
PATH: /usr/local/bin


## ----------- ##
## Core tests. ##
## ----------- ##

configure:3253: checking for gcc
configure:3269: found /usr/bin/gcc
configure:3280: result: gcc
configure:3509: checking for C compiler version
configure:3518: gcc --version >&5
i686-apple-darwin11-llvm-gcc-4.2 (GCC) 4.2.1 (Based on Apple Inc. build 5658) (LLVM build 2336.11.00)
Copyright (C) 2007 Free Software Foundation, Inc.
This is free software; see the source for copying conditions.  There is NO
warranty; not even for MERCHANTABILITY or FITNESS FOR A PARTICULAR PURPOSE.

configure:3529: $? = 0
configure:3518: gcc -v >&5
Using built-in specs.
Target: i686-apple-darwin11
Configured with: /private/var/tmp/llvmgcc42/llvmgcc42-2336.11~182/src/configure --disable-checking --enable-werror --prefix=/Applications/Xcode.app/Contents/Developer/usr/llvm-gcc-4.2 --mandir=/share/man --enable-languages=c,objc,c++,obj-c++ --program-prefix=llvm- --program-transform-name=/^[cg][^.-]*$/s/$/-4.2/ --with-slibdir=/usr/lib --build=i686-apple-darwin11 --enable-llvm=/private/var/tmp/llvmgcc42/llvmgcc42-2336.11~182/dst-llvmCore/Developer/usr/local --program-prefix=i686-apple-darwin11- --host=x86_64-apple-darwin11 --target=i686-apple-darwin11 --with-gxx-include-dir=/usr/include/c++/4.2.1
Thread model: posix
gcc version 4.2.1 (Based on Apple Inc. build 5658) (LLVM build 2336.11.00)
configure:3529: $? = 0
configure:3518: gcc -V >&5
llvm-gcc-4.2: argument to `-V' is missing
configure:3529: $? = 1
configure:3518: gcc -qversion >&5
i686-apple-darwin11-llvm-gcc-4.2: no input files
configure:3529: $? = 1
configure:3549: checking whether the C compiler works
configure:3571: gcc    conftest.c  >&5
ld: library not found for -lcrt1.10.6.o
collect2: ld returned 1 exit status
configure:3575: $? = 1
configure:3613: result: no
configure: failed program was:
| /* confdefs.h */
| #define PACKAGE_NAME "cairo"
| #define PACKAGE_TARNAME "cairo"
| #define PACKAGE_VERSION "1.12.8"
| #define PACKAGE_STRING "cairo 1.12.8"
| #define PACKAGE_BUGREPORT "http://bugs.freedesktop.org/enter_bug.cgi?product=cairo"
| #define PACKAGE_URL "http://cairographics.org/"
| /* end confdefs.h.  */
| 
| int
| main ()
| {
| 
|   ;
|   return 0;
| }
configure:3618: error: in `/Users/jmurray/GitProjects/Gulp/pkg-config-0.23/pixman-0.22.0/cairo-1.12.8':
configure:3620: error: C compiler cannot create executables
See `config.log' for more details

## ---------------- ##
## Cache variables. ##
## ---------------- ##

ac_cv_env_CCC_set=
ac_cv_env_CCC_value=
ac_cv_env_CC_set=
ac_cv_env_CC_value=
ac_cv_env_CFLAGS_set=
ac_cv_env_CFLAGS_value=
ac_cv_env_CPPFLAGS_set=
ac_cv_env_CPPFLAGS_value=
ac_cv_env_CPP_set=
ac_cv_env_CPP_value=
ac_cv_env_CXXCPP_set=
ac_cv_env_CXXCPP_value=
ac_cv_env_CXXFLAGS_set=
ac_cv_env_CXXFLAGS_value=
ac_cv_env_CXX_set=
ac_cv_env_CXX_value=
ac_cv_env_FONTCONFIG_CFLAGS_set=
ac_cv_env_FONTCONFIG_CFLAGS_value=
ac_cv_env_FONTCONFIG_LIBS_set=
ac_cv_env_FONTCONFIG_LIBS_value=
ac_cv_env_FREETYPE_CFLAGS_set=
ac_cv_env_FREETYPE_CFLAGS_value=
ac_cv_env_FREETYPE_LIBS_set=
ac_cv_env_FREETYPE_LIBS_value=
ac_cv_env_GOBJECT_CFLAGS_set=
ac_cv_env_GOBJECT_CFLAGS_value=
ac_cv_env_GOBJECT_LIBS_set=
ac_cv_env_GOBJECT_LIBS_value=
ac_cv_env_GTKDOC_DEPS_CFLAGS_set=
ac_cv_env_GTKDOC_DEPS_CFLAGS_value=
ac_cv_env_GTKDOC_DEPS_LIBS_set=
ac_cv_env_GTKDOC_DEPS_LIBS_value=
ac_cv_env_LDFLAGS_set=
ac_cv_env_LDFLAGS_value=
ac_cv_env_LIBRSVG_CFLAGS_set=
ac_cv_env_LIBRSVG_CFLAGS_value=
ac_cv_env_LIBRSVG_LIBS_set=
ac_cv_env_LIBRSVG_LIBS_value=
ac_cv_env_LIBSPECTRE_CFLAGS_set=
ac_cv_env_LIBSPECTRE_CFLAGS_value=
ac_cv_env_LIBSPECTRE_LIBS_set=
ac_cv_env_LIBSPECTRE_LIBS_value=
ac_cv_env_LIBS_set=
ac_cv_env_LIBS_value=
ac_cv_env_PKG_CONFIG_set=
ac_cv_env_PKG_CONFIG_value=
ac_cv_env_POPPLER_CFLAGS_set=
ac_cv_env_POPPLER_CFLAGS_value=
ac_cv_env_POPPLER_LIBS_set=
ac_cv_env_POPPLER_LIBS_value=
ac_cv_env_VALGRIND_CFLAGS_set=
ac_cv_env_VALGRIND_CFLAGS_value=
ac_cv_env_VALGRIND_LIBS_set=
ac_cv_env_VALGRIND_LIBS_value=
ac_cv_env_XMKMF_set=
ac_cv_env_XMKMF_value=
ac_cv_env_build_alias_set=
ac_cv_env_build_alias_value=
ac_cv_env_cogl_CFLAGS_set=
ac_cv_env_cogl_CFLAGS_value=
ac_cv_env_cogl_LIBS_set=
ac_cv_env_cogl_LIBS_value=
ac_cv_env_directfb_CFLAGS_set=
ac_cv_env_directfb_CFLAGS_value=
ac_cv_env_directfb_LIBS_set=
ac_cv_env_directfb_LIBS_value=
ac_cv_env_drm_CFLAGS_set=
ac_cv_env_drm_CFLAGS_value=
ac_cv_env_drm_LIBS_set=
ac_cv_env_drm_LIBS_value=
ac_cv_env_egl_CFLAGS_set=
ac_cv_env_egl_CFLAGS_value=
ac_cv_env_egl_LIBS_set=
ac_cv_env_egl_LIBS_value=
ac_cv_env_gl_CFLAGS_set=
ac_cv_env_gl_CFLAGS_value=
ac_cv_env_gl_LIBS_set=
ac_cv_env_gl_LIBS_value=
ac_cv_env_glesv2_CFLAGS_set=
ac_cv_env_glesv2_CFLAGS_value=
ac_cv_env_glesv2_LIBS_set=
ac_cv_env_glesv2_LIBS_value=
ac_cv_env_glib_CFLAGS_set=
ac_cv_env_glib_CFLAGS_value=
ac_cv_env_glib_LIBS_set=
ac_cv_env_glib_LIBS_value=
ac_cv_env_gtk_CFLAGS_set=
ac_cv_env_gtk_CFLAGS_value=
ac_cv_env_gtk_LIBS_set=
ac_cv_env_gtk_LIBS_value=
ac_cv_env_host_alias_set=
ac_cv_env_host_alias_value=
ac_cv_env_pixman_CFLAGS_set=
ac_cv_env_pixman_CFLAGS_value=
ac_cv_env_pixman_LIBS_set=
ac_cv_env_pixman_LIBS_value=
ac_cv_env_png_CFLAGS_set=
ac_cv_env_png_CFLAGS_value=
ac_cv_env_png_LIBS_set=
ac_cv_env_png_LIBS_value=
ac_cv_env_png_REQUIRES_set=
ac_cv_env_png_REQUIRES_value=
ac_cv_env_qt_CFLAGS_set=
ac_cv_env_qt_CFLAGS_value=
ac_cv_env_qt_LIBS_set=
ac_cv_env_qt_LIBS_value=
ac_cv_env_target_alias_set=
ac_cv_env_target_alias_value=
ac_cv_env_xcb_CFLAGS_set=
ac_cv_env_xcb_CFLAGS_value=
ac_cv_env_xcb_LIBS_set=
ac_cv_env_xcb_LIBS_value=
ac_cv_env_xcb_shm_CFLAGS_set=
ac_cv_env_xcb_shm_CFLAGS_value=
ac_cv_env_xcb_shm_LIBS_set=
ac_cv_env_xcb_shm_LIBS_value=
ac_cv_env_xlib_CFLAGS_set=
ac_cv_env_xlib_CFLAGS_value=
ac_cv_env_xlib_LIBS_set=
ac_cv_env_xlib_LIBS_value=
ac_cv_env_xlib_xcb_CFLAGS_set=
ac_cv_env_xlib_xcb_CFLAGS_value=
ac_cv_env_xlib_xcb_LIBS_set=
ac_cv_env_xlib_xcb_LIBS_value=
ac_cv_env_xlib_xrender_CFLAGS_set=
ac_cv_env_xlib_xrender_CFLAGS_value=
ac_cv_env_xlib_xrender_LIBS_set=
ac_cv_env_xlib_xrender_LIBS_value=
ac_cv_prog_ac_ct_CC=gcc

## ----------------- ##
## Output variables. ##
## ----------------- ##

ACLOCAL=''
AMDEPBACKSLASH=''
AMDEP_FALSE=''
AMDEP_TRUE=''
AMTAR=''
AM_BACKSLASH=''
AM_DEFAULT_V=''
AM_DEFAULT_VERBOSITY=''
AM_V=''
AR=''
AS=''
AUTOCONF=''
AUTOHEADER=''
AUTOMAKE=''
AWK=''
BFD_LIBS=''
BUILD_ANY2PPM_FALSE=''
BUILD_ANY2PPM_TRUE=''
BUILD_CXX_FALSE=''
BUILD_CXX_TRUE=''
BUILD_SPHINX_FALSE=''
BUILD_SPHINX_TRUE=''
CAIROBOILERPLATE_LIBS=''
CAIRO_CAN_TEST_PDF_SURFACE_FALSE=''
CAIRO_CAN_TEST_PDF_SURFACE_TRUE=''
CAIRO_CAN_TEST_PS_SURFACE_FALSE=''
CAIRO_CAN_TEST_PS_SURFACE_TRUE=''
CAIRO_CAN_TEST_SVG_SURFACE_FALSE=''
CAIRO_CAN_TEST_SVG_SURFACE_TRUE=''
CAIRO_CAN_TEST_WIN32_PRINTING_SURFACE_FALSE=''
CAIRO_CAN_TEST_WIN32_PRINTING_SURFACE_TRUE=''
CAIRO_CFLAGS=''
CAIRO_HAS_BEOS_SURFACE_FALSE=''
CAIRO_HAS_BEOS_SURFACE_TRUE=''
CAIRO_HAS_COGL_SURFACE_FALSE=''
CAIRO_HAS_COGL_SURFACE_TRUE=''
CAIRO_HAS_DIRECTFB_SURFACE_FALSE=''
CAIRO_HAS_DIRECTFB_SURFACE_TRUE=''
CAIRO_HAS_DLSYM_FALSE=''
CAIRO_HAS_DLSYM_TRUE=''
CAIRO_HAS_DL_FALSE=''
CAIRO_HAS_DL_TRUE=''
CAIRO_HAS_DRM_SURFACE_FALSE=''
CAIRO_HAS_DRM_SURFACE_TRUE=''
CAIRO_HAS_EGL_FUNCTIONS_FALSE=''
CAIRO_HAS_EGL_FUNCTIONS_TRUE=''
CAIRO_HAS_FC_FONT_FALSE=''
CAIRO_HAS_FC_FONT_TRUE=''
CAIRO_HAS_FT_FONT_FALSE=''
CAIRO_HAS_FT_FONT_TRUE=''
CAIRO_HAS_GALLIUM_SURFACE_FALSE=''
CAIRO_HAS_GALLIUM_SURFACE_TRUE=''
CAIRO_HAS_GLESV2_SURFACE_FALSE=''
CAIRO_HAS_GLESV2_SURFACE_TRUE=''
CAIRO_HAS_GLX_FUNCTIONS_FALSE=''
CAIRO_HAS_GLX_FUNCTIONS_TRUE=''
CAIRO_HAS_GL_SURFACE_FALSE=''
CAIRO_HAS_GL_SURFACE_TRUE=''
CAIRO_HAS_GOBJECT_FUNCTIONS_FALSE=''
CAIRO_HAS_GOBJECT_FUNCTIONS_TRUE=''
CAIRO_HAS_INTERPRETER_FALSE=''
CAIRO_HAS_INTERPRETER_TRUE=''
CAIRO_HAS_LCOV_FALSE=''
CAIRO_HAS_LCOV_TRUE=''
CAIRO_HAS_MULTI_PAGE_SURFACES_FALSE=''
CAIRO_HAS_MULTI_PAGE_SURFACES_TRUE=''
CAIRO_HAS_OS2_SURFACE_FALSE=''
CAIRO_HAS_OS2_SURFACE_TRUE=''
CAIRO_HAS_PDF_SURFACE_FALSE=''
CAIRO_HAS_PDF_SURFACE_TRUE=''
CAIRO_HAS_PNG_FUNCTIONS_FALSE=''
CAIRO_HAS_PNG_FUNCTIONS_TRUE=''
CAIRO_HAS_PS_SURFACE_FALSE=''
CAIRO_HAS_PS_SURFACE_TRUE=''
CAIRO_HAS_PTHREAD_FALSE=''
CAIRO_HAS_PTHREAD_TRUE=''
CAIRO_HAS_QT_SURFACE_FALSE=''
CAIRO_HAS_QT_SURFACE_TRUE=''
CAIRO_HAS_QUARTZ_FONT_FALSE=''
CAIRO_HAS_QUARTZ_FONT_TRUE=''
CAIRO_HAS_QUARTZ_IMAGE_SURFACE_FALSE=''
CAIRO_HAS_QUARTZ_IMAGE_SURFACE_TRUE=''
CAIRO_HAS_QUARTZ_SURFACE_FALSE=''
CAIRO_HAS_QUARTZ_SURFACE_TRUE=''
CAIRO_HAS_SCRIPT_SURFACE_FALSE=''
CAIRO_HAS_SCRIPT_SURFACE_TRUE=''
CAIRO_HAS_SKIA_SURFACE_FALSE=''
CAIRO_HAS_SKIA_SURFACE_TRUE=''
CAIRO_HAS_SPECTRE_FALSE=''
CAIRO_HAS_SPECTRE_TRUE=''
CAIRO_HAS_SVG_SURFACE_FALSE=''
CAIRO_HAS_SVG_SURFACE_TRUE=''
CAIRO_HAS_SYMBOL_LOOKUP_FALSE=''
CAIRO_HAS_SYMBOL_LOOKUP_TRUE=''
CAIRO_HAS_TEE_SURFACE_FALSE=''
CAIRO_HAS_TEE_SURFACE_TRUE=''
CAIRO_HAS_TEST_SURFACES_FALSE=''
CAIRO_HAS_TEST_SURFACES_TRUE=''
CAIRO_HAS_TRACE_FALSE=''
CAIRO_HAS_TRACE_TRUE=''
CAIRO_HAS_VG_SURFACE_FALSE=''
CAIRO_HAS_VG_SURFACE_TRUE=''
CAIRO_HAS_WGL_FUNCTIONS_FALSE=''
CAIRO_HAS_WGL_FUNCTIONS_TRUE=''
CAIRO_HAS_WIN32_FONT_FALSE=''
CAIRO_HAS_WIN32_FONT_TRUE=''
CAIRO_HAS_WIN32_SURFACE_FALSE=''
CAIRO_HAS_WIN32_SURFACE_TRUE=''
CAIRO_HAS_XCB_SHM_FUNCTIONS_FALSE=''
CAIRO_HAS_XCB_SHM_FUNCTIONS_TRUE=''
CAIRO_HAS_XCB_SURFACE_FALSE=''
CAIRO_HAS_XCB_SURFACE_TRUE=''
CAIRO_HAS_XLIB_SURFACE_FALSE=''
CAIRO_HAS_XLIB_SURFACE_TRUE=''
CAIRO_HAS_XLIB_XCB_FUNCTIONS_FALSE=''
CAIRO_HAS_XLIB_XCB_FUNCTIONS_TRUE=''
CAIRO_HAS_XLIB_XRENDER_SURFACE_FALSE=''
CAIRO_HAS_XLIB_XRENDER_SURFACE_TRUE=''
CAIRO_HAS_XML_SURFACE_FALSE=''
CAIRO_HAS_XML_SURFACE_TRUE=''
CAIRO_LDFLAGS=''
CAIRO_LIBS=''
CAIRO_LIBTOOL_VERSION_INFO=''
CAIRO_NONPKGCONFIG_CFLAGS=''
CAIRO_NONPKGCONFIG_LIBS=''
CAIRO_RELEASE_STATUS=''
CAIRO_REQUIRES=''
CAIRO_TEST_MODE=''
CAIRO_TEST_UNDEFINED_LDFLAGS=''
CAIRO_VERSION_MAJOR=''
CAIRO_VERSION_MICRO=''
CAIRO_VERSION_MINOR=''
CAIRO_VERSION_SONUM=''
CC='gcc'
CCDEPMODE=''
CFLAGS=''
CPP=''
CPPFLAGS=''
CROSS_COMPILING_FALSE=''
CROSS_COMPILING_TRUE=''
CXX=''
CXXCPP=''
CXXDEPMODE=''
CXXFLAGS=''
CYGPATH_W=''
DEFS=''
DEPDIR=''
DISABLE_SOME_FLOATING_POINT_FALSE=''
DISABLE_SOME_FLOATING_POINT_TRUE=''
DLLTOOL=''
DSYMUTIL=''
DUMPBIN=''
ECHO_C='\c'
ECHO_N=''
ECHO_T=''
EGREP=''
ENABLE_GTK_DOC_FALSE=''
ENABLE_GTK_DOC_TRUE=''
EXEEXT=''
FGREP=''
FIND=''
FONTCONFIG_CFLAGS=''
FONTCONFIG_LIBS=''
FREETYPE_CFLAGS=''
FREETYPE_CONFIG=''
FREETYPE_LIBS=''
GOBJECT_CFLAGS=''
GOBJECT_LIBS=''
GREP=''
GS=''
GTKDOC_CHECK=''
GTKDOC_DEPS_CFLAGS=''
GTKDOC_DEPS_LIBS=''
GTKDOC_MKPDF=''
GTKDOC_REBASE=''
GTK_DOC_BUILD_HTML_FALSE=''
GTK_DOC_BUILD_HTML_TRUE=''
GTK_DOC_BUILD_PDF_FALSE=''
GTK_DOC_BUILD_PDF_TRUE=''
GTK_DOC_USE_LIBTOOL_FALSE=''
GTK_DOC_USE_LIBTOOL_TRUE=''
GTK_DOC_USE_REBASE_FALSE=''
GTK_DOC_USE_REBASE_TRUE=''
HAVE_GTK_FALSE=''
HAVE_GTK_TRUE=''
HAVE_PTHREAD_FALSE=''
HAVE_PTHREAD_TRUE=''
HAVE_REAL_PTHREAD_FALSE=''
HAVE_REAL_PTHREAD_TRUE=''
HAVE_SHM_FALSE=''
HAVE_SHM_TRUE=''
HTML_DIR=''
INSTALL_DATA=''
INSTALL_PROGRAM=''
INSTALL_SCRIPT=''
INSTALL_STRIP_PROGRAM=''
LD=''
LDFLAGS=''
LIBM=''
LIBOBJS=''
LIBRSVG_CFLAGS=''
LIBRSVG_LIBS=''
LIBS=''
LIBSPECTRE_CFLAGS=''
LIBSPECTRE_LIBS=''
LIBTOOL=''
LIPO=''
LN_S=''
LTLIBOBJS=''
LTP=''
LTP_GENHTML=''
MAKEINFO=''
MANIFEST_TOOL=''
MKDIR_P=''
NM=''
NMEDIT=''
OBJDUMP=''
OBJEXT=''
OS_WIN32_FALSE=''
OS_WIN32_TRUE=''
OTOOL64=''
OTOOL=''
PACKAGE=''
PACKAGE_BUGREPORT='http://bugs.freedesktop.org/enter_bug.cgi?product=cairo'
PACKAGE_NAME='cairo'
PACKAGE_STRING='cairo 1.12.8'
PACKAGE_TARNAME='cairo'
PACKAGE_URL='http://cairographics.org/'
PACKAGE_VERSION='1.12.8'
PATH_SEPARATOR=':'
PKGCONFIG_REQUIRES=''
PKG_CONFIG=''
POPPLER_CFLAGS=''
POPPLER_LIBS=''
RANLIB=''
SED=''
SET_MAKE=''
SHELL='/bin/sh'
SHLIB_EXT=''
SHM_LIBS=''
SHTOOL=''
STRIP=''
VALGRIND_CFLAGS=''
VALGRIND_LIBS=''
VERSION=''
XARGS=''
XMKMF=''
X_CFLAGS=''
X_EXTRA_LIBS=''
X_LIBS=''
X_PRE_LIBS=''
ac_ct_AR=''
ac_ct_CC='gcc'
ac_ct_CXX=''
ac_ct_DUMPBIN=''
am__EXEEXT_FALSE=''
am__EXEEXT_TRUE=''
am__fastdepCC_FALSE=''
am__fastdepCC_TRUE=''
am__fastdepCXX_FALSE=''
am__fastdepCXX_TRUE=''
am__include=''
am__isrc=''
am__leading_dot=''
am__nodep=''
am__quote=''
am__tar=''
am__untar=''
bindir='${exec_prefix}/bin'
build=''
build_alias=''
build_cpu=''
build_os=''
build_vendor=''
cogl_CFLAGS=''
cogl_LIBS=''
datadir='${datarootdir}'
datarootdir='${prefix}/share'
directfb_CFLAGS=''
directfb_LIBS=''
docdir='${datarootdir}/doc/${PACKAGE_TARNAME}'
drm_CFLAGS=''
drm_LIBS=''
dvidir='${docdir}'
egl_CFLAGS=''
egl_LIBS=''
exec_prefix='NONE'
gallium_DIR=''
gl_CFLAGS=''
gl_LIBS=''
glesv2_CFLAGS=''
glesv2_LIBS=''
glib_CFLAGS=''
glib_LIBS=''
gtk_CFLAGS=''
gtk_LIBS=''
host=''
host_alias=''
host_cpu=''
host_os=''
host_vendor=''
htmldir='${docdir}'
includedir='${prefix}/include'
infodir='${datarootdir}/info'
install_sh=''
libdir='${exec_prefix}/lib'
libexecdir='${exec_prefix}/libexec'
localedir='${datarootdir}/locale'
localstatedir='${prefix}/var'
mandir='${datarootdir}/man'
mesa_DIR=''
mkdir_p=''
oldincludedir='/usr/include'
pdfdir='${docdir}'
pixman_CFLAGS=''
pixman_LIBS=''
png_CFLAGS=''
png_LIBS=''
png_REQUIRES=''
prefix='/usr/local'
program_transform_name='s,x,x,'
psdir='${docdir}'
pthread_CFLAGS=''
pthread_LIBS=''
qt_CFLAGS=''
qt_LIBS=''
real_pthread_CFLAGS=''
real_pthread_LIBS=''
sbindir='${exec_prefix}/sbin'
sharedstatedir='${prefix}/com'
shm_LIBS=''
skia_DIR=''
sysconfdir='${prefix}/etc'
target_alias=''
xcb_CFLAGS=''
xcb_LIBS=''
xcb_shm_CFLAGS=''
xcb_shm_LIBS=''
xlib_CFLAGS=''
xlib_LIBS=''
xlib_xcb_CFLAGS=''
xlib_xcb_LIBS=''
xlib_xrender_CFLAGS=''
xlib_xrender_LIBS=''

## ----------- ##
## confdefs.h. ##
## ----------- ##

/* confdefs.h */
#define PACKAGE_NAME "cairo"
#define PACKAGE_TARNAME "cairo"
#define PACKAGE_VERSION "1.12.8"
#define PACKAGE_STRING "cairo 1.12.8"
#define PACKAGE_BUGREPORT "http://bugs.freedesktop.org/enter_bug.cgi?product=cairo"
#define PACKAGE_URL "http://cairographics.org/"

configure: exit 77
