This file contains any messages produced by compilers while
running configure, to aid debugging if configure makes a mistake.

It was created by pixman configure 0.22.0, which was
generated by GNU Autoconf 2.66.  Invocation command line was

  $ ./configure --prefix=/usr/local --disable-dependency-tracking

## --------- ##
## Platform. ##
## --------- ##

hostname = rv-clt-jmurray.redventures.net
uname -m = x86_64
uname -r = 13.2.0
uname -s = Darwin
uname -v = Darwin Kernel Version 13.2.0: Thu Apr 17 23:03:13 PDT 2014; root:xnu-2422.100.13~1/RELEASE_X86_64

/usr/bin/uname -p = i386
/bin/uname -X     = unknown

/bin/arch              = unknown
/usr/bin/arch -k       = unknown
/usr/convex/getsysinfo = unknown
/usr/bin/hostinfo      = Mach kernel version:
	 Darwin Kernel Version 13.2.0: Thu Apr 17 23:03:13 PDT 2014; root:xnu-2422.100.13~1/RELEASE_X86_64
Kernel configured for up to 8 processors.
4 processors are physically available.
8 processors are logically available.
Processor type: i486 (Intel 80486)
Processors active: 0 1 2 3 4 5 6 7
Primary memory available: 16.00 gigabytes
Default processor set: 225 tasks, 1346 threads, 8 processors
Load average: 1.60, Mach factor: 6.38
/bin/machine           = unknown
/usr/bin/oslevel       = unknown
/bin/universe          = unknown

PATH: /usr/share/www/intranet.directstartv.com/scripts/srcsync-dir
PATH: /usr/local/bin
PATH: /usr/share/www/devops/scripts
PATH: /usr/bin
PATH: /bin
PATH: /usr/sbin
PATH: /sbin
PATH: /usr/local/bin


## ----------- ##
## Core tests. ##
## ----------- ##

configure:2517: checking for a BSD-compatible install
configure:2585: result: /usr/bin/install -c
configure:2596: checking whether build environment is sane
configure:2646: result: yes
configure:2787: checking for a thread-safe mkdir -p
configure:2826: result: ./install-sh -c -d
configure:2839: checking for gawk
configure:2869: result: no
configure:2839: checking for mawk
configure:2869: result: no
configure:2839: checking for nawk
configure:2869: result: no
configure:2839: checking for awk
configure:2855: found /usr/bin/awk
configure:2866: result: awk
configure:2877: checking whether make sets $(MAKE)
configure:2899: result: yes
configure:3001: checking build system type
configure:3015: result: i386-apple-darwin13.2.0
configure:3035: checking host system type
configure:3048: result: i386-apple-darwin13.2.0
configure:3119: checking for gcc
configure:3135: found /usr/bin/gcc
configure:3146: result: gcc
configure:3375: checking for C compiler version
configure:3384: gcc --version >&5
i686-apple-darwin11-llvm-gcc-4.2 (GCC) 4.2.1 (Based on Apple Inc. build 5658) (LLVM build 2336.11.00)
Copyright (C) 2007 Free Software Foundation, Inc.
This is free software; see the source for copying conditions.  There is NO
warranty; not even for MERCHANTABILITY or FITNESS FOR A PARTICULAR PURPOSE.

configure:3395: $? = 0
configure:3384: gcc -v >&5
Using built-in specs.
Target: i686-apple-darwin11
Configured with: /private/var/tmp/llvmgcc42/llvmgcc42-2336.11~182/src/configure --disable-checking --enable-werror --prefix=/Applications/Xcode.app/Contents/Developer/usr/llvm-gcc-4.2 --mandir=/share/man --enable-languages=c,objc,c++,obj-c++ --program-prefix=llvm- --program-transform-name=/^[cg][^.-]*$/s/$/-4.2/ --with-slibdir=/usr/lib --build=i686-apple-darwin11 --enable-llvm=/private/var/tmp/llvmgcc42/llvmgcc42-2336.11~182/dst-llvmCore/Developer/usr/local --program-prefix=i686-apple-darwin11- --host=x86_64-apple-darwin11 --target=i686-apple-darwin11 --with-gxx-include-dir=/usr/include/c++/4.2.1
Thread model: posix
gcc version 4.2.1 (Based on Apple Inc. build 5658) (LLVM build 2336.11.00)
configure:3395: $? = 0
configure:3384: gcc -V >&5
llvm-gcc-4.2: argument to `-V' is missing
configure:3395: $? = 1
configure:3384: gcc -qversion >&5
i686-apple-darwin11-llvm-gcc-4.2: no input files
configure:3395: $? = 1
configure:3415: checking whether the C compiler works
configure:3437: gcc    conftest.c  >&5
ld: library not found for -lcrt1.10.6.o
collect2: ld returned 1 exit status
configure:3441: $? = 1
configure:3479: result: no
configure: failed program was:
| /* confdefs.h */
| #define PACKAGE_NAME "pixman"
| #define PACKAGE_TARNAME "pixman"
| #define PACKAGE_VERSION "0.22.0"
| #define PACKAGE_STRING "pixman 0.22.0"
| #define PACKAGE_BUGREPORT "pixman@lists.freedesktop.org"
| #define PACKAGE_URL ""
| #define PACKAGE "pixman"
| #define VERSION "0.22.0"
| /* end confdefs.h.  */
| 
| int
| main ()
| {
| 
|   ;
|   return 0;
| }
configure:3484: error: in `/Users/jmurray/GitProjects/Gulp/pkg-config-0.23/pixman-0.22.0':
configure:3486: error: C compiler cannot create executables
See `config.log' for more details

## ---------------- ##
## Cache variables. ##
## ---------------- ##

ac_cv_build=i386-apple-darwin13.2.0
ac_cv_env_CCASFLAGS_set=
ac_cv_env_CCASFLAGS_value=
ac_cv_env_CCAS_set=
ac_cv_env_CCAS_value=
ac_cv_env_CC_set=
ac_cv_env_CC_value=
ac_cv_env_CFLAGS_set=
ac_cv_env_CFLAGS_value=
ac_cv_env_CPPFLAGS_set=
ac_cv_env_CPPFLAGS_value=
ac_cv_env_CPP_set=
ac_cv_env_CPP_value=
ac_cv_env_GTK_CFLAGS_set=
ac_cv_env_GTK_CFLAGS_value=
ac_cv_env_GTK_LIBS_set=
ac_cv_env_GTK_LIBS_value=
ac_cv_env_LDFLAGS_set=
ac_cv_env_LDFLAGS_value=
ac_cv_env_LIBS_set=
ac_cv_env_LIBS_value=
ac_cv_env_PKG_CONFIG_LIBDIR_set=
ac_cv_env_PKG_CONFIG_LIBDIR_value=
ac_cv_env_PKG_CONFIG_PATH_set=
ac_cv_env_PKG_CONFIG_PATH_value=
ac_cv_env_PKG_CONFIG_set=
ac_cv_env_PKG_CONFIG_value=
ac_cv_env_build_alias_set=
ac_cv_env_build_alias_value=
ac_cv_env_host_alias_set=
ac_cv_env_host_alias_value=
ac_cv_env_target_alias_set=
ac_cv_env_target_alias_value=
ac_cv_host=i386-apple-darwin13.2.0
ac_cv_path_install='/usr/bin/install -c'
ac_cv_prog_AWK=awk
ac_cv_prog_ac_ct_CC=gcc
ac_cv_prog_make_make_set=yes

## ----------------- ##
## Output variables. ##
## ----------------- ##

ACLOCAL='${SHELL} /Users/jmurray/GitProjects/Gulp/pkg-config-0.23/pixman-0.22.0/missing --run aclocal-1.11'
AMDEPBACKSLASH=''
AMDEP_FALSE=''
AMDEP_TRUE=''
AMTAR='${SHELL} /Users/jmurray/GitProjects/Gulp/pkg-config-0.23/pixman-0.22.0/missing --run tar'
AM_BACKSLASH='\'
AM_DEFAULT_VERBOSITY='0'
AR=''
AUTOCONF='${SHELL} /Users/jmurray/GitProjects/Gulp/pkg-config-0.23/pixman-0.22.0/missing --run autoconf'
AUTOHEADER='${SHELL} /Users/jmurray/GitProjects/Gulp/pkg-config-0.23/pixman-0.22.0/missing --run autoheader'
AUTOMAKE='${SHELL} /Users/jmurray/GitProjects/Gulp/pkg-config-0.23/pixman-0.22.0/missing --run automake-1.11'
AWK='awk'
CC='gcc'
CCAS=''
CCASDEPMODE=''
CCASFLAGS=''
CCDEPMODE=''
CFLAGS=''
CPP=''
CPPFLAGS=''
CYGPATH_W='echo'
DEFS=''
DEPDIR=''
DEP_CFLAGS=''
DEP_LIBS=''
DSYMUTIL=''
DUMPBIN=''
ECHO_C='\c'
ECHO_N=''
ECHO_T=''
EGREP=''
EXEEXT=''
FGREP=''
GREP=''
GTK_CFLAGS=''
GTK_LIBS=''
HAVE_GTK_FALSE=''
HAVE_GTK_TRUE=''
HAVE_PTHREAD_SETSPECIFIC=''
INSTALL_DATA='${INSTALL} -m 644'
INSTALL_PROGRAM='${INSTALL}'
INSTALL_SCRIPT='${INSTALL}'
INSTALL_STRIP_PROGRAM='$(install_sh) -c -s'
LD=''
LDFLAGS=''
LIBOBJS=''
LIBS=''
LIBTOOL=''
LIPO=''
LN_S=''
LTLIBOBJS=''
LT_VERSION_INFO=''
MAKEINFO='${SHELL} /Users/jmurray/GitProjects/Gulp/pkg-config-0.23/pixman-0.22.0/missing --run makeinfo'
MKDIR_P='./install-sh -c -d'
MMX_CFLAGS=''
MMX_LDFLAGS=''
NM=''
NMEDIT=''
OBJDUMP=''
OBJEXT=''
OPENMP_CFLAGS=''
OTOOL64=''
OTOOL=''
PACKAGE='pixman'
PACKAGE_BUGREPORT='pixman@lists.freedesktop.org'
PACKAGE_NAME='pixman'
PACKAGE_STRING='pixman 0.22.0'
PACKAGE_TARNAME='pixman'
PACKAGE_URL=''
PACKAGE_VERSION='0.22.0'
PATH_SEPARATOR=':'
PERL=''
PIXMAN_TIMERS=''
PIXMAN_VERSION_MAJOR=''
PIXMAN_VERSION_MICRO=''
PIXMAN_VERSION_MINOR=''
PKG_CONFIG=''
PKG_CONFIG_LIBDIR=''
PKG_CONFIG_PATH=''
PTHREAD_LDFLAGS=''
PTHREAD_LIBS=''
RANLIB=''
SED=''
SET_MAKE=''
SHELL='/bin/sh'
SSE2_CFLAGS=''
SSE2_LDFLAGS=''
STRIP=''
TESTPROGS_EXTRA_LDFLAGS=''
TOOLCHAIN_SUPPORTS_ATTRIBUTE_CONSTRUCTOR=''
TOOLCHAIN_SUPPORTS__THREAD=''
USE_ARM_NEON_FALSE=''
USE_ARM_NEON_TRUE=''
USE_ARM_SIMD_FALSE=''
USE_ARM_SIMD_TRUE=''
USE_GCC_INLINE_ASM_FALSE=''
USE_GCC_INLINE_ASM_TRUE=''
USE_MMX_FALSE=''
USE_MMX_TRUE=''
USE_SSE2_FALSE=''
USE_SSE2_TRUE=''
USE_VMX_FALSE=''
USE_VMX_TRUE=''
VERSION='0.22.0'
VMX_CFLAGS=''
ac_ct_CC='gcc'
ac_ct_DUMPBIN=''
am__EXEEXT_FALSE=''
am__EXEEXT_TRUE=''
am__fastdepCCAS_FALSE=''
am__fastdepCCAS_TRUE=''
am__fastdepCC_FALSE=''
am__fastdepCC_TRUE=''
am__include=''
am__isrc=''
am__leading_dot='.'
am__quote=''
am__tar='${AMTAR} chof - "$$tardir"'
am__untar='${AMTAR} xf -'
bindir='${exec_prefix}/bin'
build='i386-apple-darwin13.2.0'
build_alias=''
build_cpu='i386'
build_os='darwin13.2.0'
build_vendor='apple'
datadir='${datarootdir}'
datarootdir='${prefix}/share'
docdir='${datarootdir}/doc/${PACKAGE_TARNAME}'
dvidir='${docdir}'
exec_prefix='NONE'
host='i386-apple-darwin13.2.0'
host_alias=''
host_cpu='i386'
host_os='darwin13.2.0'
host_vendor='apple'
htmldir='${docdir}'
includedir='${prefix}/include'
infodir='${datarootdir}/info'
install_sh='${SHELL} /Users/jmurray/GitProjects/Gulp/pkg-config-0.23/pixman-0.22.0/install-sh'
libdir='${exec_prefix}/lib'
libexecdir='${exec_prefix}/libexec'
localedir='${datarootdir}/locale'
localstatedir='${prefix}/var'
mandir='${datarootdir}/man'
mkdir_p='$(top_builddir)/./install-sh -c -d'
oldincludedir='/usr/include'
pdfdir='${docdir}'
prefix='/usr/local'
program_transform_name='s,x,x,'
psdir='${docdir}'
sbindir='${exec_prefix}/sbin'
sharedstatedir='${prefix}/com'
sysconfdir='${prefix}/etc'
target_alias=''

## ----------- ##
## confdefs.h. ##
## ----------- ##

/* confdefs.h */
#define PACKAGE_NAME "pixman"
#define PACKAGE_TARNAME "pixman"
#define PACKAGE_VERSION "0.22.0"
#define PACKAGE_STRING "pixman 0.22.0"
#define PACKAGE_BUGREPORT "pixman@lists.freedesktop.org"
#define PACKAGE_URL ""
#define PACKAGE "pixman"
#define VERSION "0.22.0"

configure: exit 77
